** Daemonized, any open files are closed.  Look at /Users/chuboy/dev/gracenews/log/locomotive.pid and log/mongrel.log for info.
** Starting Mongrel listening at 0.0.0.0:3001
** Starting Rails with development environment...
** Rails loaded.
** Loading any Rails specific GemPlugins
** Signals ready.  TERM => stop.  USR2 => restart.  INT => stop (no restart).
** Rails signals registered.  HUP => reload (without restart).  It might not work well.
** Mongrel available at 0.0.0.0:3001
** Writing PID file to /Users/chuboy/dev/gracenews/log/locomotive.pid
** TERM signal received.
** Daemonized, any open files are closed.  Look at /Users/chuboy/dev/gracenews/log/locomotive.pid and log/mongrel.log for info.
** Starting Mongrel listening at 0.0.0.0:3001
** Starting Rails with development environment...
** Rails loaded.
** Loading any Rails specific GemPlugins
** Signals ready.  TERM => stop.  USR2 => restart.  INT => stop (no restart).
** Rails signals registered.  HUP => reload (without restart).  It might not work well.
** Mongrel available at 0.0.0.0:3001
** Writing PID file to /Users/chuboy/dev/gracenews/log/locomotive.pid
** TERM signal received.
** Daemonized, any open files are closed.  Look at /Users/chuboy/dev/gracenews/log/locomotive.pid and log/mongrel.log for info.
** Starting Mongrel listening at 0.0.0.0:3001
** Starting Rails with development environment...
** Rails loaded.
** Loading any Rails specific GemPlugins
** Signals ready.  TERM => stop.  USR2 => restart.  INT => stop (no restart).
** Rails signals registered.  HUP => reload (without restart).  It might not work well.
** Mongrel available at 0.0.0.0:3001
** Writing PID file to /Users/chuboy/dev/gracenews/log/locomotive.pid
** TERM signal received.
** Daemonized, any open files are closed.  Look at /Users/chuboy/dev/gracenews/log/locomotive.pid and log/mongrel.log for info.
** Starting Mongrel listening at 0.0.0.0:3001
** Starting Rails with development environment...
** Rails loaded.
** Loading any Rails specific GemPlugins
** Signals ready.  TERM => stop.  USR2 => restart.  INT => stop (no restart).
** Rails signals registered.  HUP => reload (without restart).  It might not work well.
** Mongrel available at 0.0.0.0:3001
** Writing PID file to /Users/chuboy/dev/gracenews/log/locomotive.pid
** TERM signal received.
** Daemonized, any open files are closed.  Look at /Users/chuboy/dev/gracenews/log/locomotive.pid and log/mongrel.log for info.
** Starting Mongrel listening at 0.0.0.0:3001
** Starting Rails with development environment...
** Rails loaded.
** Loading any Rails specific GemPlugins
** Signals ready.  TERM => stop.  USR2 => restart.  INT => stop (no restart).
** Rails signals registered.  HUP => reload (without restart).  It might not work well.
** Mongrel available at 0.0.0.0:3001
** Writing PID file to /Users/chuboy/dev/gracenews/log/locomotive.pid
** TERM signal received.
** Daemonized, any open files are closed.  Look at /Users/chuboy/dev/gracenews/log/locomotive.pid and log/mongrel.log for info.
** Starting Mongrel listening at 0.0.0.0:3001
** Starting Rails with development environment...
** Rails loaded.
** Loading any Rails specific GemPlugins
** Signals ready.  TERM => stop.  USR2 => restart.  INT => stop (no restart).
** Rails signals registered.  HUP => reload (without restart).  It might not work well.
** Mongrel available at 0.0.0.0:3001
** Writing PID file to /Users/chuboy/dev/gracenews/log/locomotive.pid
** TERM signal received.
** Daemonized, any open files are closed.  Look at /Users/chuboy/dev/gracelist/log/locomotive.pid and log/mongrel.log for info.
** Starting Mongrel listening at 0.0.0.0:3002
** Starting Rails with development environment...
** Rails loaded.
** Loading any Rails specific GemPlugins
** Signals ready.  TERM => stop.  USR2 => restart.  INT => stop (no restart).
** Rails signals registered.  HUP => reload (without restart).  It might not work well.
** Mongrel available at 0.0.0.0:3002
** Writing PID file to /Users/chuboy/dev/gracelist/log/locomotive.pid
/Users/chuboy/dev/gracelist/config/../app/views/posts/index.rhtml:35: warning: parenthesize argument(s) for future version
/Users/chuboy/dev/gracelist/config/../app/views/posts/index.rhtml:35: warning: parenthesize argument(s) for future version
/Users/chuboy/dev/gracelist/config/../app/views/posts/list.rhtml:15: warning: parenthesize argument(s) for future version
/Users/chuboy/dev/gracelist/config/../app/views/posts/list.rhtml:14: warning: parenthesize argument(s) for future version
/Users/chuboy/dev/gracelist/config/../app/views/posts/list.rhtml:15: warning: parenthesize argument(s) for future version
/Users/chuboy/dev/gracelist/config/../app/views/posts/list.rhtml:14: warning: parenthesize argument(s) for future version
/Users/chuboy/dev/gracelist/config/../app/views/posts/list.rhtml:15: warning: parenthesize argument(s) for future version
/Users/chuboy/dev/gracelist/config/../app/views/posts/list.rhtml:14: warning: parenthesize argument(s) for future version
/Users/chuboy/dev/gracelist/config/../app/views/posts/list.rhtml:14: warning: parenthesize argument(s) for future version
/Users/chuboy/dev/gracelist/config/../app/views/posts/list.rhtml:14: warning: parenthesize argument(s) for future version
/Users/chuboy/dev/gracelist/config/../app/views/posts/list.rhtml:15: warning: parenthesize argument(s) for future version
/Users/chuboy/dev/gracelist/config/../app/views/posts/list.rhtml:15: warning: parenthesize argument(s) for future version
/Users/chuboy/dev/gracelist/config/../app/views/posts/show.rhtml:13: warning: parenthesize argument(s) for future version
/Users/chuboy/dev/gracelist/config/../app/views/posts/index.rhtml:35: warning: parenthesize argument(s) for future version
/Users/chuboy/dev/gracelist/config/../app/views/posts/index.rhtml:35: warning: parenthesize argument(s) for future version
/Users/chuboy/dev/gracelist/config/../app/views/posts/index.rhtml:34: warning: parenthesize argument(s) for future version
/Users/chuboy/dev/gracelist/config/../app/views/posts/index.rhtml:34: warning: parenthesize argument(s) for future version
/Users/chuboy/dev/gracelist/config/../app/views/posts/index.rhtml:35: warning: parenthesize argument(s) for future version
/Users/chuboy/dev/gracelist/config/../app/views/posts/index.rhtml:35: warning: parenthesize argument(s) for future version
/Users/chuboy/dev/gracelist/config/../app/views/posts/index.rhtml:29: warning: parenthesize argument(s) for future version
/Users/chuboy/dev/gracelist/config/../app/views/posts/index.rhtml:29: warning: parenthesize argument(s) for future version
/Users/chuboy/dev/gracelist/config/../app/views/posts/index.rhtml:29: warning: parenthesize argument(s) for future version
/Users/chuboy/dev/gracelist/config/../app/views/posts/index.rhtml:29: warning: parenthesize argument(s) for future version
/Users/chuboy/dev/gracelist/config/../app/views/posts/index.rhtml:29: warning: parenthesize argument(s) for future version
/Users/chuboy/dev/gracelist/config/../app/views/posts/index.rhtml:29: warning: parenthesize argument(s) for future version
/Users/chuboy/dev/gracelist/config/../app/views/posts/index.rhtml:30: warning: parenthesize argument(s) for future version
/Users/chuboy/dev/gracelist/config/../app/views/posts/index.rhtml:29: warning: parenthesize argument(s) for future version
/Users/chuboy/dev/gracelist/config/../app/views/posts/index.rhtml:29: warning: parenthesize argument(s) for future version
/Users/chuboy/dev/gracelist/config/../app/views/posts/index.rhtml:29: warning: parenthesize argument(s) for future version
/Users/chuboy/dev/gracelist/config/../app/views/posts/show.rhtml:9: warning: parenthesize argument(s) for future version
/Users/chuboy/dev/gracelist/config/../app/views/posts/index.rhtml:29: warning: parenthesize argument(s) for future version
/Users/chuboy/dev/gracelist/config/../app/views/posts/index.rhtml:29: warning: parenthesize argument(s) for future version
/Users/chuboy/dev/gracelist/config/../app/views/posts/index.rhtml:28: warning: parenthesize argument(s) for future version
/Users/chuboy/dev/gracelist/config/../app/views/posts/index.rhtml:28: warning: parenthesize argument(s) for future version
/Users/chuboy/dev/gracelist/config/../app/views/posts/index.rhtml:29: warning: parenthesize argument(s) for future version
/Users/chuboy/dev/gracelist/config/../app/views/posts/index.rhtml:29: warning: parenthesize argument(s) for future version
/Users/chuboy/dev/gracelist/config/../app/views/posts/index.rhtml:29: warning: parenthesize argument(s) for future version
/Users/chuboy/dev/gracelist/config/../app/views/posts/index.rhtml:30: warning: parenthesize argument(s) for future version
/Users/chuboy/dev/gracelist/config/../app/views/posts/index.rhtml:30: warning: parenthesize argument(s) for future version
/Users/chuboy/dev/gracelist/config/../app/views/posts/index.rhtml:30: warning: parenthesize argument(s) for future version
/Users/chuboy/dev/gracelist/config/../app/views/posts/index.rhtml:30: warning: parenthesize argument(s) for future version
/Users/chuboy/dev/gracelist/config/../app/views/posts/index.rhtml:30: warning: parenthesize argument(s) for future version
/Users/chuboy/dev/gracelist/config/../app/views/posts/index.rhtml:29: warning: parenthesize argument(s) for future version
/Users/chuboy/dev/gracelist/config/../app/views/posts/index.rhtml:29: warning: parenthesize argument(s) for future version
/Users/chuboy/dev/gracelist/config/../app/views/posts/index.rhtml:29: warning: parenthesize argument(s) for future version
/Users/chuboy/dev/gracelist/config/../app/views/posts/index.rhtml:29: warning: parenthesize argument(s) for future version
/Users/chuboy/dev/gracelist/config/../app/views/posts/index.rhtml:29: warning: parenthesize argument(s) for future version
/Users/chuboy/dev/gracelist/config/../app/views/posts/index.rhtml:29: warning: parenthesize argument(s) for future version
/Users/chuboy/dev/gracelist/config/../app/views/posts/index.rhtml:29: warning: parenthesize argument(s) for future version
/Users/chuboy/dev/gracelist/config/../app/views/posts/index.rhtml:29: warning: parenthesize argument(s) for future version
